2021-08-12T16:05:23.475Z [my-bank-api] info: API STARTED
2021-08-12T16:05:52.158Z [my-bank-api] info: API started and File Created
2021-08-12T16:05:57.288Z [my-bank-api] info: POST /account - {"id":1,"name":"Moisés Santos","balance":10200}
2021-08-12T16:06:04.905Z [my-bank-api] info: POST /account - {"id":2,"name":"Ivy Santos","balance":10200}
2021-08-12T16:06:09.844Z [my-bank-api] info: POST /account - {"id":3,"name":"Zoe Santos","balance":10200}
2021-08-12T16:06:14.858Z [my-bank-api] info: POST /account - {"id":4,"name":"Priscila Santos","balance":10200}
2021-08-12T16:06:34.191Z [my-bank-api] info: DELETE /account/:id 2
2021-08-12T16:06:52.163Z [my-bank-api] info: PUT /account - {"id":3,"name":"João Santos","balance":10200}
2021-08-12T16:07:09.756Z [my-bank-api] info: PATCH /account/updateBalance - {"id":1,"balance":1.32}
2021-08-12T16:07:25.752Z [my-bank-api] info: GET /account/:id 
2021-08-12T16:07:35.873Z [my-bank-api] info: GET /account
2021-08-13T02:39:10.107Z [my-bank-api] info: API STARTED
2021-08-13T02:45:42.178Z [my-bank-api] info: API STARTED
2021-08-13T02:48:09.362Z [my-bank-api] info: POST /account - {"id":5,"name":"Moisas","balance":1320.2}
2021-08-13T02:48:23.307Z [my-bank-api] error: POST /account - Name e Balance são obrigatórios!
2021-08-13T02:52:44.035Z [my-bank-api] info: API STARTED
2021-08-13T02:54:35.473Z [my-bank-api] info: API STARTED
2021-08-13T02:58:06.851Z [my-bank-api] info: API STARTED
2021-08-13T03:00:12.283Z [my-bank-api] error: PUT /account - Registro não encontrado!
2021-08-13T03:00:35.216Z [my-bank-api] info: PUT /account - {"id":1,"name":"Pereira","balance":890.98}
2021-08-13T03:01:29.204Z [my-bank-api] info: API STARTED
2021-08-13T03:01:39.533Z [my-bank-api] info: PUT /account - {"id":1,"name":"Zé","balance":890.98}
2021-08-13T03:02:04.772Z [my-bank-api] error: PUT /account - Registro não encontrado!
2021-08-13T03:04:24.621Z [my-bank-api] info: API STARTED
2021-08-13T03:06:03.031Z [my-bank-api] info: API STARTED
2021-08-13T03:06:45.918Z [my-bank-api] error: PATCH /account - Registro não encontrado!
2021-08-13T03:07:31.991Z [my-bank-api] info: PATCH /account/updateBalance - {"id":5,"name":"Zé","balance":1000.98}
2021-08-13T03:12:01.076Z [my-bank-api] info: API STARTED
2021-08-13T03:23:49.992Z [my-bank-api] info: API STARTED
2021-08-13T03:24:46.203Z [my-bank-api] info: GET /account
2021-08-13T03:27:02.514Z [my-bank-api] info: GET /account
2021-08-13T03:27:49.197Z [my-bank-api] info: API STARTED
2021-08-13T03:27:56.643Z [my-bank-api] info: GET /account
2021-08-13T03:27:58.151Z [my-bank-api] info: GET /account
2021-08-13T03:31:40.782Z [my-bank-api] info: GET /account
2021-08-13T03:32:20.799Z [my-bank-api] info: GET /account
2021-08-13T03:33:40.940Z [my-bank-api] info: API STARTED
2021-08-13T03:34:11.361Z [my-bank-api] info: GET /account
2021-08-13T03:35:37.734Z [my-bank-api] info: GET /account
2021-08-13T03:36:05.230Z [my-bank-api] info: GET /account
2021-08-13T03:44:56.049Z [my-bank-api] info: GET /account
2021-08-13T03:48:03.729Z [my-bank-api] info: API STARTED
2021-08-13T03:48:05.394Z [my-bank-api] info: API STARTED
2021-08-13T03:48:16.332Z [my-bank-api] info: GET /account
2021-08-13T04:03:51.157Z [my-bank-api] info: API STARTED
2021-08-14T18:42:38.949Z [my-bank-api] info: API STARTED
2021-08-14T18:48:10.525Z [my-bank-api] info: API STARTED
2021-08-14T18:48:42.044Z [my-bank-api] info: API STARTED
2021-08-14T18:50:07.819Z [my-bank-api] info: API STARTED
2021-08-14T18:50:30.479Z [my-bank-api] info: API STARTED
2021-08-14T18:51:00.110Z [my-bank-api] info: API STARTED
2021-08-14T18:51:08.573Z [my-bank-api] info: API STARTED
2021-08-14T18:52:36.196Z [my-bank-api] info: API STARTED
2021-08-14T18:52:50.940Z [my-bank-api] info: API STARTED
2021-08-14T18:55:43.812Z [my-bank-api] info: API STARTED
2021-08-14T19:01:50.715Z [my-bank-api] info: API STARTED
2021-08-14T19:02:14.172Z [my-bank-api] info: API STARTED
2021-08-14T19:13:40.575Z [my-bank-api] info: API STARTED
2021-08-14T19:18:15.269Z [my-bank-api] info: API STARTED
2021-08-14T19:18:32.208Z [my-bank-api] info: API STARTED
2021-08-14T19:19:38.417Z [my-bank-api] info: API STARTED
2021-08-14T19:20:47.241Z [my-bank-api] info: API STARTED
2021-08-14T19:26:12.465Z [my-bank-api] info: API STARTED
2021-08-14T19:31:59.647Z [my-bank-api] info: API STARTED
2021-08-14T19:32:57.866Z [my-bank-api] info: API STARTED
2021-08-14T19:33:16.335Z [my-bank-api] info: API STARTED
2021-08-14T19:33:22.342Z [my-bank-api] info: API STARTED
